Arguments: 
  /Applications/Hyper.app/Contents/MacOS/Hyper /Applications/Hyper.app/Contents/Resources/bin/yarn-standalone.js install --no-emoji --no-lockfile --cache-folder /Users/Syuhei/.hyper_plugins/cache

PATH: 
  undefined

Yarn version: 
  1.3.2

Node version: 
  10.2.0

Platform: 
  darwin x64

npm manifest: 
  {
    "name": "hyper-plugins",
    "description": "Auto-generated from `~/.hyper.js`!",
    "private": true,
    "version": "0.0.1",
    "repository": "zeit/hyper",
    "license": "MIT",
    "homepage": "https://hyper.is",
    "dependencies": {
      "hyper-opacity": "latest",
      "hyper-search": "latest",
      "hypercwd": "latest",
      "hyper-pane": "latest",
      "hyper-tab-icons-plus": "latest",
      "gitrocket": "latest",
      "hyper-confirm": "latest",
      "hyper-custom-touchbar": "latest",
      "hyper-highlight-active-pane": "latest",
      "hyper-iceberg": "latest",
      "hyper-tabs-enhanced": "latest",
      "hyperborder": "latest",
      "hyperline": "latest",
      "hyperlinks": "latest",
      "hyperterm-overlay": "latest"
    }
  }

yarn manifest: 
  No manifest

Lockfile: 
  No lockfile

Trace: 
  Error: getaddrinfo ENOTFOUND registry.yarnpkg.com registry.yarnpkg.com:443
      at GetAddrInfoReqWrap.onlookup [as oncomplete] (dns.js:50:26)
